This is pdfTeX, Version 3.14159265-2.6-1.40.17 (MiKTeX 2.9 64-bit) (preloaded format=pdflatex 2016.11.2)  26 FEB 2017 21:28
entering extended mode
**./park_ram_iros17_0226.tex
(park_ram_iros17_0226.tex
LaTeX2e <2016/03/31> patch level 3
Babel <3.9r> and hyphenation patterns for 75 language(s) loaded.
(IEEEtran.cls
Document Class: IEEEtran 2015/08/26 V1.8b by Michael Shell
-- See the "IEEEtran_HOWTO" manual for usage information.
-- http://www.michaelshell.org/tex/ieeetran/
\@IEEEtrantmpdimenA=\dimen102
\@IEEEtrantmpdimenB=\dimen103
\@IEEEtrantmpdimenC=\dimen104
\@IEEEtrantmpcountA=\count79
\@IEEEtrantmpcountB=\count80
\@IEEEtrantmpcountC=\count81
\@IEEEtrantmptoksA=\toks14
LaTeX Font Info:    Try loading font information for OT1+ptm on input line 503.

("C:\Program Files\MiKTeX 2.9\tex\latex\psnfss\ot1ptm.fd"
File: ot1ptm.fd 2001/06/04 font definitions for OT1/ptm.
)
-- Using 8.5in x 11in (letter) paper.
-- Using PDF output.
\@IEEEnormalsizeunitybaselineskip=\dimen105
-- This is a 10 point document.
\CLASSINFOnormalsizebaselineskip=\dimen106
\CLASSINFOnormalsizeunitybaselineskip=\dimen107
\IEEEnormaljot=\dimen108
LaTeX Font Info:    Font shape `OT1/ptm/bx/n' in size <5> not available
(Font)              Font shape `OT1/ptm/b/n' tried instead on input line 1090.
LaTeX Font Info:    Font shape `OT1/ptm/bx/it' in size <5> not available
(Font)              Font shape `OT1/ptm/b/it' tried instead on input line 1090.

LaTeX Font Info:    Font shape `OT1/ptm/bx/n' in size <7> not available
(Font)              Font shape `OT1/ptm/b/n' tried instead on input line 1090.
LaTeX Font Info:    Font shape `OT1/ptm/bx/it' in size <7> not available
(Font)              Font shape `OT1/ptm/b/it' tried instead on input line 1090.

LaTeX Font Info:    Font shape `OT1/ptm/bx/n' in size <8> not available
(Font)              Font shape `OT1/ptm/b/n' tried instead on input line 1090.
LaTeX Font Info:    Font shape `OT1/ptm/bx/it' in size <8> not available
(Font)              Font shape `OT1/ptm/b/it' tried instead on input line 1090.

LaTeX Font Info:    Font shape `OT1/ptm/bx/n' in size <9> not available
(Font)              Font shape `OT1/ptm/b/n' tried instead on input line 1090.
LaTeX Font Info:    Font shape `OT1/ptm/bx/it' in size <9> not available
(Font)              Font shape `OT1/ptm/b/it' tried instead on input line 1090.

LaTeX Font Info:    Font shape `OT1/ptm/bx/n' in size <10> not available
(Font)              Font shape `OT1/ptm/b/n' tried instead on input line 1090.
LaTeX Font Info:    Font shape `OT1/ptm/bx/it' in size <10> not available
(Font)              Font shape `OT1/ptm/b/it' tried instead on input line 1090.

LaTeX Font Info:    Font shape `OT1/ptm/bx/n' in size <11> not available
(Font)              Font shape `OT1/ptm/b/n' tried instead on input line 1090.
LaTeX Font Info:    Font shape `OT1/ptm/bx/it' in size <11> not available
(Font)              Font shape `OT1/ptm/b/it' tried instead on input line 1090.

LaTeX Font Info:    Font shape `OT1/ptm/bx/n' in size <12> not available
(Font)              Font shape `OT1/ptm/b/n' tried instead on input line 1090.
LaTeX Font Info:    Font shape `OT1/ptm/bx/it' in size <12> not available
(Font)              Font shape `OT1/ptm/b/it' tried instead on input line 1090.

LaTeX Font Info:    Font shape `OT1/ptm/bx/n' in size <17> not available
(Font)              Font shape `OT1/ptm/b/n' tried instead on input line 1090.
LaTeX Font Info:    Font shape `OT1/ptm/bx/it' in size <17> not available
(Font)              Font shape `OT1/ptm/b/it' tried instead on input line 1090.

LaTeX Font Info:    Font shape `OT1/ptm/bx/n' in size <20> not available
(Font)              Font shape `OT1/ptm/b/n' tried instead on input line 1090.
LaTeX Font Info:    Font shape `OT1/ptm/bx/it' in size <20> not available
(Font)              Font shape `OT1/ptm/b/it' tried instead on input line 1090.

LaTeX Font Info:    Font shape `OT1/ptm/bx/n' in size <24> not available
(Font)              Font shape `OT1/ptm/b/n' tried instead on input line 1090.
LaTeX Font Info:    Font shape `OT1/ptm/bx/it' in size <24> not available
(Font)              Font shape `OT1/ptm/b/it' tried instead on input line 1090.

\IEEEquantizedlength=\dimen109
\IEEEquantizedlengthdiff=\dimen110
\IEEEquantizedtextheightdiff=\dimen111
\IEEEilabelindentA=\dimen112
\IEEEilabelindentB=\dimen113
\IEEEilabelindent=\dimen114
\IEEEelabelindent=\dimen115
\IEEEdlabelindent=\dimen116
\IEEElabelindent=\dimen117
\IEEEiednormlabelsep=\dimen118
\IEEEiedmathlabelsep=\dimen119
\IEEEiedtopsep=\skip41
\c@section=\count82
\c@subsection=\count83
\c@subsubsection=\count84
\c@paragraph=\count85
\c@IEEEsubequation=\count86
\abovecaptionskip=\skip42
\belowcaptionskip=\skip43
\c@figure=\count87
\c@table=\count88
\@IEEEeqnnumcols=\count89
\@IEEEeqncolcnt=\count90
\@IEEEsubeqnnumrollback=\count91
\@IEEEquantizeheightA=\dimen120
\@IEEEquantizeheightB=\dimen121
\@IEEEquantizeheightC=\dimen122
\@IEEEquantizeprevdepth=\dimen123
\@IEEEquantizemultiple=\count92
\@IEEEquantizeboxA=\box26
\@IEEEtmpitemindent=\dimen124
\IEEEPARstartletwidth=\dimen125
\c@IEEEbiography=\count93
\@IEEEtranrubishbin=\box27
) ("C:\Program Files\MiKTeX 2.9\tex\latex\setspace\setspace.sty"
Package: setspace 2011/12/19 v6.7a set line spacing
)
("C:\Program Files\MiKTeX 2.9\tex\latex\graphics\epsfig.sty"
Package: epsfig 1999/02/16 v1.7a (e)psfig emulation (SPQR)

("C:\Program Files\MiKTeX 2.9\tex\latex\graphics\graphicx.sty"
Package: graphicx 2014/10/28 v1.0g Enhanced LaTeX Graphics (DPC,SPQR)

("C:\Program Files\MiKTeX 2.9\tex\latex\graphics\keyval.sty"
Package: keyval 2014/10/28 v1.15 key=value parser (DPC)
\KV@toks@=\toks15
)
("C:\Program Files\MiKTeX 2.9\tex\latex\graphics\graphics.sty"
Package: graphics 2016/07/10 v1.0t Standard LaTeX Graphics (DPC,SPQR)

("C:\Program Files\MiKTeX 2.9\tex\latex\graphics\trig.sty"
Package: trig 2016/01/03 v1.10 sin cos tan (DPC)
)
("C:\Program Files\MiKTeX 2.9\tex\latex\00miktex\graphics.cfg"
File: graphics.cfg 2016/06/04 v1.11 sample graphics configuration
)
Package graphics Info: Driver file: pdftex.def on input line 99.

("C:\Program Files\MiKTeX 2.9\tex\latex\graphics-def\pdftex.def"
File: pdftex.def 2016/07/10 v0.06j Graphics/color for pdfTeX

("C:\Program Files\MiKTeX 2.9\tex\generic\oberdiek\infwarerr.sty"
Package: infwarerr 2016/05/16 v1.4 Providing info/warning/error messages (HO)
)
("C:\Program Files\MiKTeX 2.9\tex\generic\oberdiek\ltxcmds.sty"
Package: ltxcmds 2016/05/16 v1.23 LaTeX kernel commands for general use (HO)
)
\Gread@gobject=\count94
))
\Gin@req@height=\dimen126
\Gin@req@width=\dimen127
)
\epsfxsize=\dimen128
\epsfysize=\dimen129
)
("C:\Program Files\MiKTeX 2.9\tex\latex\oberdiek\epstopdf.sty"
Package: epstopdf 2016/05/15 v2.6 Conversion with epstopdf on the fly (HO)

("C:\Program Files\MiKTeX 2.9\tex\latex\oberdiek\epstopdf-base.sty"
Package: epstopdf-base 2016/05/15 v2.6 Base part for package epstopdf

("C:\Program Files\MiKTeX 2.9\tex\latex\oberdiek\grfext.sty"
Package: grfext 2016/05/16 v1.2 Manage graphics extensions (HO)

("C:\Program Files\MiKTeX 2.9\tex\generic\oberdiek\kvdefinekeys.sty"
Package: kvdefinekeys 2016/05/16 v1.4 Define keys (HO)
))
("C:\Program Files\MiKTeX 2.9\tex\latex\oberdiek\kvoptions.sty"
Package: kvoptions 2016/05/16 v3.12 Key value format for package options (HO)

("C:\Program Files\MiKTeX 2.9\tex\generic\oberdiek\kvsetkeys.sty"
Package: kvsetkeys 2016/05/16 v1.17 Key value parser (HO)

("C:\Program Files\MiKTeX 2.9\tex\generic\oberdiek\etexcmds.sty"
Package: etexcmds 2016/05/16 v1.6 Avoid name clashes with e-TeX commands (HO)

("C:\Program Files\MiKTeX 2.9\tex\generic\oberdiek\ifluatex.sty"
Package: ifluatex 2016/05/16 v1.4 Provides the ifluatex switch (HO)
Package ifluatex Info: LuaTeX not detected.
)
Package etexcmds Info: Could not find \expanded.
(etexcmds)             That can mean that you are not using pdfTeX 1.50 or
(etexcmds)             that some package has redefined \expanded.
(etexcmds)             In the latter case, load this package earlier.
)))
("C:\Program Files\MiKTeX 2.9\tex\generic\oberdiek\pdftexcmds.sty"
Package: pdftexcmds 2016/05/21 v0.22 Utility functions of pdfTeX for LuaTeX (HO
)

("C:\Program Files\MiKTeX 2.9\tex\generic\oberdiek\ifpdf.sty"
Package: ifpdf 2016/05/14 v3.1 Provides the ifpdf switch
)
Package pdftexcmds Info: LuaTeX not detected.
Package pdftexcmds Info: \pdf@primitive is available.
Package pdftexcmds Info: \pdf@ifprimitive is available.
Package pdftexcmds Info: \pdfdraftmode found.
)
Package epstopdf-base Info: Redefining graphics rule for `.eps' on input line 4
38.
Package grfext Info: Graphics extension search list:
(grfext)             [.png,.pdf,.jpg,.mps,.jpeg,.jbig2,.jb2,.PNG,.PDF,.JPG,.JPE
G,.JBIG2,.JB2,.eps]
(grfext)             \AppendGraphicsExtensions on input line 456.
))
("C:\Program Files\MiKTeX 2.9\tex\latex\hyperref\hyperref.sty"
Package: hyperref 2016/06/24 v6.83q Hypertext links for LaTeX

("C:\Program Files\MiKTeX 2.9\tex\generic\oberdiek\hobsub-hyperref.sty"
Package: hobsub-hyperref 2016/05/16 v1.14 Bundle oberdiek, subset hyperref (HO)


("C:\Program Files\MiKTeX 2.9\tex\generic\oberdiek\hobsub-generic.sty"
Package: hobsub-generic 2016/05/16 v1.14 Bundle oberdiek, subset generic (HO)
Package: hobsub 2016/05/16 v1.14 Construct package bundles (HO)
Package hobsub Info: Skipping package `infwarerr' (already loaded).
Package hobsub Info: Skipping package `ltxcmds' (already loaded).
Package hobsub Info: Skipping package `ifluatex' (already loaded).
Package: ifvtex 2016/05/16 v1.6 Detect VTeX and its facilities (HO)
Package ifvtex Info: VTeX not detected.
Package: intcalc 2016/05/16 v1.2 Expandable calculations with integers (HO)
Package hobsub Info: Skipping package `ifpdf' (already loaded).
Package hobsub Info: Skipping package `etexcmds' (already loaded).
Package hobsub Info: Skipping package `kvsetkeys' (already loaded).
Package hobsub Info: Skipping package `kvdefinekeys' (already loaded).
Package hobsub Info: Skipping package `pdftexcmds' (already loaded).
Package: pdfescape 2016/05/16 v1.14 Implements pdfTeX's escape features (HO)
Package: bigintcalc 2016/05/16 v1.4 Expandable calculations on big integers (HO
)
Package: bitset 2016/05/16 v1.2 Handle bit-vector datatype (HO)
Package: uniquecounter 2016/05/16 v1.3 Provide unlimited unique counter (HO)
)
Package hobsub Info: Skipping package `hobsub' (already loaded).
Package: letltxmacro 2016/05/16 v1.5 Let assignment for LaTeX macros (HO)
Package: hopatch 2016/05/16 v1.3 Wrapper for package hooks (HO)
Package: xcolor-patch 2016/05/16 xcolor patch
Package: atveryend 2016/05/16 v1.9 Hooks at the very end of document (HO)
Package atveryend Info: \enddocument detected (standard20110627).
Package: atbegshi 2016/06/09 v1.18 At begin shipout hook (HO)
Package: refcount 2016/05/16 v3.5 Data extraction from label references (HO)
Package: hycolor 2016/05/16 v1.8 Color options for hyperref/bookmark (HO)
)
("C:\Program Files\MiKTeX 2.9\tex\generic\ifxetex\ifxetex.sty"
Package: ifxetex 2010/09/12 v0.6 Provides ifxetex conditional
)
("C:\Program Files\MiKTeX 2.9\tex\latex\oberdiek\auxhook.sty"
Package: auxhook 2016/05/16 v1.4 Hooks for auxiliary files (HO)
)
\@linkdim=\dimen130
\Hy@linkcounter=\count95
\Hy@pagecounter=\count96

("C:\Program Files\MiKTeX 2.9\tex\latex\hyperref\pd1enc.def"
File: pd1enc.def 2016/06/24 v6.83q Hyperref: PDFDocEncoding definition (HO)
)
\Hy@SavedSpaceFactor=\count97

("C:\Program Files\MiKTeX 2.9\tex\latex\00miktex\hyperref.cfg"
File: hyperref.cfg 2002/06/06 v1.2 hyperref configuration of TeXLive
)
Package hyperref Info: Hyper figures OFF on input line 4486.
Package hyperref Info: Link nesting OFF on input line 4491.
Package hyperref Info: Hyper index ON on input line 4494.
Package hyperref Info: Plain pages OFF on input line 4501.
Package hyperref Info: Backreferencing OFF on input line 4506.
Package hyperref Info: Implicit mode ON; LaTeX internals redefined.
Package hyperref Info: Bookmarks ON on input line 4735.
\c@Hy@tempcnt=\count98

("C:\Program Files\MiKTeX 2.9\tex\latex\url\url.sty"
\Urlmuskip=\muskip10
Package: url 2013/09/16  ver 3.4  Verb mode for urls, etc.
)
LaTeX Info: Redefining \url on input line 5088.
\XeTeXLinkMargin=\dimen131
\Fld@menulength=\count99
\Field@Width=\dimen132
\Fld@charsize=\dimen133
Package hyperref Info: Hyper figures OFF on input line 6342.
Package hyperref Info: Link nesting OFF on input line 6347.
Package hyperref Info: Hyper index ON on input line 6350.
Package hyperref Info: backreferencing OFF on input line 6357.
Package hyperref Info: Link coloring OFF on input line 6362.
Package hyperref Info: Link coloring with OCG OFF on input line 6367.
Package hyperref Info: PDF/A mode OFF on input line 6372.
LaTeX Info: Redefining \ref on input line 6412.
LaTeX Info: Redefining \pageref on input line 6416.
\Hy@abspage=\count100
\c@Item=\count101
\c@Hfootnote=\count102
)

Package hyperref Message: Driver (autodetected): hpdftex.

("C:\Program Files\MiKTeX 2.9\tex\latex\hyperref\hpdftex.def"
File: hpdftex.def 2016/06/24 v6.83q Hyperref driver for pdfTeX
\Fld@listcount=\count103
\c@bookmark@seq@number=\count104

("C:\Program Files\MiKTeX 2.9\tex\latex\oberdiek\rerunfilecheck.sty"
Package: rerunfilecheck 2016/05/16 v1.8 Rerun checks for auxiliary files (HO)
Package uniquecounter Info: New unique counter `rerunfilecheck' on input line 2
82.
)
\Hy@SectionHShift=\skip44
)
("C:\Program Files\MiKTeX 2.9\tex\latex\amsfonts\amssymb.sty"
Package: amssymb 2013/01/14 v3.01 AMS font symbols

("C:\Program Files\MiKTeX 2.9\tex\latex\amsfonts\amsfonts.sty"
Package: amsfonts 2013/01/14 v3.01 Basic AMSFonts support
\@emptytoks=\toks16
\symAMSa=\mathgroup4
\symAMSb=\mathgroup5
LaTeX Font Info:    Overwriting math alphabet `\mathfrak' in version `bold'
(Font)                  U/euf/m/n --> U/euf/b/n on input line 106.
))
("C:\Program Files\MiKTeX 2.9\tex\latex\amsmath\amsmath.sty"
Package: amsmath 2016/06/28 v2.15d AMS math features
\@mathmargin=\skip45

For additional information on amsmath, use the `?' option.
("C:\Program Files\MiKTeX 2.9\tex\latex\amsmath\amstext.sty"
Package: amstext 2000/06/29 v2.01 AMS text

("C:\Program Files\MiKTeX 2.9\tex\latex\amsmath\amsgen.sty"
File: amsgen.sty 1999/11/30 v2.0 generic functions
\@emptytoks=\toks17
\ex@=\dimen134
))
("C:\Program Files\MiKTeX 2.9\tex\latex\amsmath\amsbsy.sty"
Package: amsbsy 1999/11/29 v1.2d Bold Symbols
\pmbraise@=\dimen135
)
("C:\Program Files\MiKTeX 2.9\tex\latex\amsmath\amsopn.sty"
Package: amsopn 2016/03/08 v2.02 operator names
)
\inf@bad=\count105
LaTeX Info: Redefining \frac on input line 199.
\uproot@=\count106
\leftroot@=\count107
LaTeX Info: Redefining \overline on input line 297.
\classnum@=\count108
\DOTSCASE@=\count109
LaTeX Info: Redefining \ldots on input line 394.
LaTeX Info: Redefining \dots on input line 397.
LaTeX Info: Redefining \cdots on input line 518.
\Mathstrutbox@=\box28
\strutbox@=\box29
\big@size=\dimen136
LaTeX Font Info:    Redeclaring font encoding OML on input line 634.
LaTeX Font Info:    Redeclaring font encoding OMS on input line 635.
\macc@depth=\count110
\c@MaxMatrixCols=\count111
\dotsspace@=\muskip11
\c@parentequation=\count112
\dspbrk@lvl=\count113
\tag@help=\toks18
\row@=\count114
\column@=\count115
\maxfields@=\count116
\andhelp@=\toks19
\eqnshift@=\dimen137
\alignsep@=\dimen138
\tagshift@=\dimen139
\tagwidth@=\dimen140
\totwidth@=\dimen141
\lineht@=\dimen142
\@envbody=\toks20
\multlinegap=\skip46
\multlinetaggap=\skip47
\mathdisplay@stack=\toks21
LaTeX Info: Redefining \[ on input line 2739.
LaTeX Info: Redefining \] on input line 2740.
)
("C:\Program Files\MiKTeX 2.9\tex\latex\amscls\amsthm.sty"
Package: amsthm 2015/03/04 v2.20.2
\thm@style=\toks22
\thm@bodyfont=\toks23
\thm@headfont=\toks24
\thm@notefont=\toks25
\thm@headpunct=\toks26
\thm@preskip=\skip48
\thm@postskip=\skip49
\thm@headsep=\skip50
\dth@everypar=\toks27
)
("C:\Program Files\MiKTeX 2.9\tex\latex\mathtools\mathtools.sty"
Package: mathtools 2015/11/12 v1.18 mathematical typesetting tools

("C:\Program Files\MiKTeX 2.9\tex\latex\tools\calc.sty"
Package: calc 2014/10/28 v4.3 Infix arithmetic (KKT,FJ)
\calc@Acount=\count117
\calc@Bcount=\count118
\calc@Adimen=\dimen143
\calc@Bdimen=\dimen144
\calc@Askip=\skip51
\calc@Bskip=\skip52
LaTeX Info: Redefining \setlength on input line 80.
LaTeX Info: Redefining \addtolength on input line 81.
\calc@Ccount=\count119
\calc@Cskip=\skip53
)
("C:\Program Files\MiKTeX 2.9\tex\latex\mathtools\mhsetup.sty"
Package: mhsetup 2010/01/21 v1.2a programming setup (MH)
)
LaTeX Info: Thecontrolsequence`\('isalreadyrobust on input line 129.
LaTeX Info: Thecontrolsequence`\)'isalreadyrobust on input line 129.
LaTeX Info: Thecontrolsequence`\['isalreadyrobust on input line 129.
LaTeX Info: Thecontrolsequence`\]'isalreadyrobust on input line 129.
\g_MT_multlinerow_int=\count120
\l_MT_multwidth_dim=\dimen145
\origjot=\skip54
\l_MT_shortvdotswithinadjustabove_dim=\dimen146
\l_MT_shortvdotswithinadjustbelow_dim=\dimen147
\l_MT_above_intertext_sep=\dimen148
\l_MT_below_intertext_sep=\dimen149
\l_MT_above_shortintertext_sep=\dimen150
\l_MT_below_shortintertext_sep=\dimen151
)
("C:\Program Files\MiKTeX 2.9\tex\latex\jknappen\mathrsfs.sty"
Package: mathrsfs 1996/01/01 Math RSFS package v1.0 (jk)
\symrsfs=\mathgroup6
)
("C:\Program Files\MiKTeX 2.9\tex\latex\enumitem\enumitem.sty"
Package: enumitem 2011/09/28 v3.5.2 Customized lists
\labelindent=\skip55
\enit@outerparindent=\dimen152
\enit@toks=\toks28
\enit@inbox=\box30
\enitdp@description=\count121
)
("C:\Program Files\MiKTeX 2.9\tex\latex\subfiles\subfiles.sty"
Package: subfiles 2012/05/23 Federico Garcia

("C:\Program Files\MiKTeX 2.9\tex\latex\tools\verbatim.sty"
Package: verbatim 2014/10/28 v1.5q LaTeX2e package for verbatim enhancements
\every@verbatim=\toks29
\verbatim@line=\toks30
\verbatim@in@stream=\read1
))
("C:\Program Files\MiKTeX 2.9\tex\latex\caption\caption.sty"
Package: caption 2016/02/21 v3.3-144 Customizing captions (AR)

("C:\Program Files\MiKTeX 2.9\tex\latex\caption\caption3.sty"
Package: caption3 2016/05/22 v1.7-166 caption3 kernel (AR)
Package caption3 Info: TeX engine: e-TeX on input line 67.
\captionmargin=\dimen153
\captionmargin@=\dimen154
\captionwidth=\dimen155
\caption@tempdima=\dimen156
\caption@indent=\dimen157
\caption@parindent=\dimen158
\caption@hangindent=\dimen159
Package caption Info: Unknown document class (or package),
(caption)             standard defaults will be used.
)

Package caption Warning: Unsupported document class (or package) detected,
(caption)                usage of the caption package is not recommended.
See the caption package documentation for explanation.

Package caption Info: \@makecaption = \long macro:#1#2->\ifx \@captype \@IEEEta
blestring \footnotesize \bgroup \par \centering \@IEEEtabletopskipstrut {\norma
lfont \footnotesize #1}\\{\normalfont \footnotesize \scshape #2}\par \addvspace
 {0.5\baselineskip }\egroup \@IEEEtablecaptionsepspace \else \@IEEEfigurecaptio
nsepspace \setbox \@tempboxa \hbox {\normalfont \footnotesize {#1.}\nobreakspac
e \nobreakspace #2}\ifdim \wd \@tempboxa >\hsize \setbox \@tempboxa \hbox {\nor
malfont \footnotesize {#1.}\nobreakspace \nobreakspace }\parbox [t]{\hsize }{\n
ormalfont \footnotesize \noindent \unhbox \@tempboxa #2}\else \ifCLASSOPTIONcon
ference \hbox to\hsize {\normalfont \footnotesize \hfil \box \@tempboxa \hfil }
\else \hbox to\hsize {\normalfont \footnotesize \box \@tempboxa \hfil }\fi \fi 
\fi .
\c@ContinuedFloat=\count122
Package caption Info: hyperref package is loaded.
) ("C:\Program Files\MiKTeX 2.9\tex\latex\caption\subcaption.sty"
Package: subcaption 2016/05/22 v1.1-161 Sub-captions (AR)
\c@subfigure=\count123
\c@subtable=\count124
)
("C:\Program Files\MiKTeX 2.9\tex\latex\xcolor\xcolor.sty"
Package: xcolor 2016/05/11 v2.12 LaTeX color extensions (UK)

("C:\Program Files\MiKTeX 2.9\tex\latex\00miktex\color.cfg"
File: color.cfg 2016/01/02 v1.6 sample color configuration
)
Package xcolor Info: Driver file: pdftex.def on input line 225.
Package xcolor Info: Model `cmy' substituted by `cmy0' on input line 1348.
Package xcolor Info: Model `hsb' substituted by `rgb' on input line 1352.
Package xcolor Info: Model `RGB' extended on input line 1364.
Package xcolor Info: Model `HTML' substituted by `rgb' on input line 1366.
Package xcolor Info: Model `Hsb' substituted by `hsb' on input line 1367.
Package xcolor Info: Model `tHsb' substituted by `hsb' on input line 1368.
Package xcolor Info: Model `HSB' substituted by `hsb' on input line 1369.
Package xcolor Info: Model `Gray' substituted by `gray' on input line 1370.
Package xcolor Info: Model `wave' substituted by `hsb' on input line 1371.
)
("C:\Program Files\MiKTeX 2.9\tex\latex\algorithm2e\algorithm2e.sty"
Package: algorithm2e 2013/01/06 v5.00 algorithms environments
\c@AlgoLine=\count125

("C:\Program Files\MiKTeX 2.9\tex\latex\base\ifthen.sty"
Package: ifthen 2014/09/29 v1.1c Standard LaTeX ifthen package (DPC)
)
\algocf@hangindent=\skip56

("C:\Program Files\MiKTeX 2.9\tex\latex\tools\xspace.sty"
Package: xspace 2014/10/28 v1.13 Space after command names (DPC,MH)
)
("C:\Program Files\MiKTeX 2.9\tex\latex\ltxmisc\relsize.sty"
Package: relsize 2003/07/04 ver 3.1
)
********************************************************
Package `algorithm2e' Release 5.1 -- october 19 2015 --
- algorithm2e-announce@lirmm.fr mailing list for announcement about releases
- algorithm2e-discussion@lirmm.fr mailing list for discussion about package
subscribe by emailing sympa@lirmm.fr with 'subscribe <list> <firstname name>'
- Author: Christophe Fiorio (christophe.fiorio@umontpellier.fr)
********************************************************
\skiptotal=\skip57
\skiplinenumber=\skip58
\skiprule=\skip59
\skiphlne=\skip60
\skiptext=\skip61
\skiplength=\skip62
\algomargin=\skip63
\skipalgocfslide=\skip64
\algowidth=\dimen160
\inoutsize=\dimen161
\inoutindent=\dimen162
\interspacetitleruled=\dimen163
\interspacealgoruled=\dimen164
\interspacetitleboxruled=\dimen165
\algocf@ruledwidth=\skip65
\algocf@inoutbox=\box31
\algocf@inputbox=\box32
\AlCapSkip=\skip66
\AlCapHSkip=\skip67
\algoskipindent=\skip68
\algocf@nlbox=\box33
\algocf@hangingbox=\box34
\algocf@untilbox=\box35
\algocf@skipuntil=\skip69
\algocf@capbox=\box36
\algoheightruledefault=\skip70
\algoheightrule=\skip71
\algotitleheightruledefault=\skip72
\algotitleheightrule=\skip73
\c@algocfline=\count126
\c@algocfproc=\count127
\c@algocf=\count128
\algocf@algoframe=\box37
\algocf@algobox=\box38
) ("C:\Program Files\MiKTeX 2.9\tex\latex\lipsum\lipsum.sty"
Package: lipsum 2014/07/27 v1.3 150 paragraphs of Lorem Ipsum dummy text
\c@lips@count=\count129
)
("C:\Program Files\MiKTeX 2.9\tex\latex\cite\cite.sty"
LaTeX Info: Redefining \cite on input line 302.
LaTeX Info: Redefining \nocite on input line 332.
Package: cite 2015/02/27  v 5.5
)
("C:\Program Files\MiKTeX 2.9\tex\latex\thmtools\thmtools.sty"
Package: thmtools 2014/04/21 v66
\thmt@toks=\toks31
\c@thmt@dummyctr=\count130

("C:\Program Files\MiKTeX 2.9\tex\latex\thmtools\thm-patch.sty"
Package: thm-patch 2014/04/21 v66

("C:\Program Files\MiKTeX 2.9\tex\latex\thmtools\parseargs.sty"
Package: parseargs 2014/04/21 v66
\@parsespec=\toks32
))
("C:\Program Files\MiKTeX 2.9\tex\latex\thmtools\thm-kv.sty"
Package: thm-kv 2014/04/21 v66
Package thm-kv Info: Theorem names will be uppercased on input line 40.
Package thm-kv Info: kvsetkeys patch (v1.16 or later) on input line 156.
)
("C:\Program Files\MiKTeX 2.9\tex\latex\thmtools\thm-autoref.sty"
Package: thm-autoref 2014/04/21 v66

("C:\Program Files\MiKTeX 2.9\tex\latex\thmtools\aliasctr.sty"
Package: aliasctr 2014/04/21 v66

("C:\Program Files\MiKTeX 2.9\tex\latex\carlisle\remreset.sty")))
("C:\Program Files\MiKTeX 2.9\tex\latex\thmtools\thm-listof.sty"
Package: thm-listof 2014/04/21 v66
)
("C:\Program Files\MiKTeX 2.9\tex\latex\thmtools\thm-restate.sty"
Package: thm-restate 2014/04/21 v66
)
("C:\Program Files\MiKTeX 2.9\tex\latex\thmtools\thm-amsthm.sty"
Package: thm-amsthm 2014/04/21 v66
\thmt@style@headstyle=\toks33
))
("C:\Program Files\MiKTeX 2.9\tex\latex\tools\multicol.sty"
Package: multicol 2016/04/07 v1.8p multicolumn formatting (FMi)
\c@tracingmulticols=\count131
\mult@box=\box39
\multicol@leftmargin=\dimen166
\c@unbalance=\count132
\c@collectmore=\count133
\doublecol@number=\count134
\multicoltolerance=\count135
\multicolpretolerance=\count136
\full@width=\dimen167
\page@free=\dimen168
\premulticols=\dimen169
\postmulticols=\dimen170
\multicolsep=\skip74
\multicolbaselineskip=\skip75
\partial@page=\box40
\last@line=\box41
\maxbalancingoverflow=\dimen171
\mult@rightbox=\box42
\mult@grightbox=\box43
\mult@gfirstbox=\box44
\mult@firstbox=\box45
\@tempa=\box46
\@tempa=\box47
\@tempa=\box48
\@tempa=\box49
\@tempa=\box50
\@tempa=\box51
\@tempa=\box52
\@tempa=\box53
\@tempa=\box54
\@tempa=\box55
\@tempa=\box56
\@tempa=\box57
\@tempa=\box58
\@tempa=\box59
\@tempa=\box60
\@tempa=\box61
\@tempa=\box62
\c@columnbadness=\count137
\c@finalcolumnbadness=\count138
\last@try=\dimen172
\multicolovershoot=\dimen173
\multicolundershoot=\dimen174
\mult@nat@firstbox=\box63
\colbreak@box=\box64
\mc@col@check@num=\count139
)
("C:\Program Files\MiKTeX 2.9\tex\latex\tools\bm.sty"
Package: bm 2016/07/07 v1.2b Bold Symbol Support (DPC/FMi)
\symboldoperators=\mathgroup7
\symboldletters=\mathgroup8
\symboldsymbols=\mathgroup9
LaTeX Font Info:    Redeclaring math alphabet \mathbf on input line 142.
LaTeX Info: Redefining \bm on input line 208.
)
\c@definition=\count140
\c@proposition=\count141
\c@lemma=\count142
\c@example=\count143
\c@theorem=\count144
\c@alg=\count145
\c@corollary=\count146
\c@remark=\count147
\c@assumption=\count148
\c@conjecture=\count149
\c@claim=\count150
\c@property=\count151
\c@condition=\count152

(park_ram_iros17_0226.aux)
\openout1 = `park_ram_iros17_0226.aux'.

LaTeX Font Info:    Checking defaults for OML/cmm/m/it on input line 142.
LaTeX Font Info:    ... okay on input line 142.
LaTeX Font Info:    Checking defaults for T1/cmr/m/n on input line 142.
LaTeX Font Info:    ... okay on input line 142.
LaTeX Font Info:    Checking defaults for OT1/cmr/m/n on input line 142.
LaTeX Font Info:    ... okay on input line 142.
LaTeX Font Info:    Checking defaults for OMS/cmsy/m/n on input line 142.
LaTeX Font Info:    ... okay on input line 142.
LaTeX Font Info:    Checking defaults for OMX/cmex/m/n on input line 142.
LaTeX Font Info:    ... okay on input line 142.
LaTeX Font Info:    Checking defaults for U/cmr/m/n on input line 142.
LaTeX Font Info:    ... okay on input line 142.
LaTeX Font Info:    Checking defaults for PD1/pdf/m/n on input line 142.
LaTeX Font Info:    ... okay on input line 142.

-- Lines per column: 56 (exact).
("C:\Program Files\MiKTeX 2.9\tex\context\base\supp-pdf.mkii"
[Loading MPS to PDF converter (version 2006.09.02).]
\scratchcounter=\count153
\scratchdimen=\dimen175
\scratchbox=\box65
\nofMPsegments=\count154
\nofMParguments=\count155
\everyMPshowfont=\toks34
\MPscratchCnt=\count156
\MPscratchDim=\dimen176
\MPnumerator=\count157
\makeMPintoPDFobject=\count158
\everyMPtoPDFconversion=\toks35
)
\AtBeginShipoutBox=\box66
Package hyperref Info: Link coloring OFF on input line 142.
 ("C:\Program Files\MiKTeX 2.9\tex\latex\hyperref\nameref.sty"
Package: nameref 2016/05/21 v2.44 Cross-referencing by name of section

("C:\Program Files\MiKTeX 2.9\tex\generic\oberdiek\gettitlestring.sty"
Package: gettitlestring 2016/05/16 v1.5 Cleanup title references (HO)
)
\c@section@level=\count159
)
LaTeX Info: Redefining \ref on input line 142.
LaTeX Info: Redefining \pageref on input line 142.
LaTeX Info: Redefining \nameref on input line 142.

(park_ram_iros17_0226.out) (park_ram_iros17_0226.out)
\@outlinefile=\write3
\openout3 = `park_ram_iros17_0226.out'.

Package caption Info: Begin \AtBeginDocument code.
Package caption Info: End \AtBeginDocument code.
 [1{C:/ProgramData/MiKTeX/2.9/pdftex/config/pdftex.map}


]
LaTeX Font Info:    Try loading font information for U+msa on input line 345.

("C:\Program Files\MiKTeX 2.9\tex\latex\amsfonts\umsa.fd"
File: umsa.fd 2013/01/14 v3.01 AMS symbols A
)
LaTeX Font Info:    Try loading font information for U+msb on input line 345.

("C:\Program Files\MiKTeX 2.9\tex\latex\amsfonts\umsb.fd"
File: umsb.fd 2013/01/14 v3.01 AMS symbols B
)
LaTeX Font Info:    Try loading font information for U+rsfs on input line 345.

("C:\Program Files\MiKTeX 2.9\tex\latex\jknappen\ursfs.fd"
File: ursfs.fd 1998/03/24 rsfs font definition file (jk)
) [2]
Underfull \vbox (badness 10000) has occurred while \output is active []

 [3pdfTeX warning (ext4): destination with the same identifier (name{equation.2
.6}) has been already used, duplicate ignored

\AtBegShi@Output ...ipout \box \AtBeginShipoutBox 
                                                  \fi \fi 
l.572 \end{equation}
                    ]
Package hyperref Info: bookmark level for unknown definition defaults to 0 on i
nput line 635.
Package hyperref Info: bookmark level for unknown theorem defaults to 0 on inpu
t line 659.
 [4]
Package hyperref Info: bookmark level for unknown lemma defaults to 0 on input 
line 743.
 [5]
Underfull \hbox (badness 4303) in paragraph at lines 972--973
[]\OT1/ptm/m/n/10 In this sec-tion, we present a suite of multi-agent
 []


Underfull \vbox (badness 10000) has occurred while \output is active []

 [6]
<figure/init_10_deploy_c.pdf, id=257, 686.565pt x 325.215pt>
File: figure/init_10_deploy_c.pdf Graphic file (type pdf)

<use figure/init_10_deploy_c.pdf>
Package pdftex.def Info: figure/init_10_deploy_c.pdf used on input line 1030.
(pdftex.def)             Requested size: 245.71754pt x 116.3925pt.
Package epstopdf Info: Source file: <figure/init_10_deploy_cmd2.eps>
(epstopdf)                    date: 2017-02-10 10:34:51
(epstopdf)                    size: 56658 bytes
(epstopdf)             Output file: <figure/init_10_deploy_cmd2-eps-converted-t
o.pdf>
(epstopdf)                    date: 2017-02-10 10:34:51
(epstopdf)                    size: 19858 bytes
(epstopdf)             Command: <epstopdf --outfile=figure/init_10_deploy_cmd2-
eps-converted-to.pdf figure/init_10_deploy_cmd2.eps>
(epstopdf)             \includegraphics on input line 1039.
Package epstopdf Info: Output file is already uptodate.

<figure/init_10_deploy_cmd2-eps-converted-to.pdf, id=258, 413.545pt x 426.59375
pt>
File: figure/init_10_deploy_cmd2-eps-converted-to.pdf Graphic file (type pdf)
 <use figure/init_10_deploy_cmd2-eps-converted-to.pdf>
Package pdftex.def Info: figure/init_10_deploy_cmd2-eps-converted-to.pdf used o
n input line 1039.
(pdftex.def)             Requested size: 108.405pt x 111.82304pt.
Package epstopdf Info: Source file: <figure/init_10_deploy_cmd1.eps>
(epstopdf)                    date: 2017-02-10 10:34:51
(epstopdf)                    size: 454038 bytes
(epstopdf)             Output file: <figure/init_10_deploy_cmd1-eps-converted-t
o.pdf>
(epstopdf)                    date: 2017-02-10 10:34:51
(epstopdf)                    size: 24850 bytes
(epstopdf)             Command: <epstopdf --outfile=figure/init_10_deploy_cmd1-
eps-converted-to.pdf figure/init_10_deploy_cmd1.eps>
(epstopdf)             \includegraphics on input line 1044.
Package epstopdf Info: Output file is already uptodate.

<figure/init_10_deploy_cmd1-eps-converted-to.pdf, id=259, 291.0875pt x 293.095p
t>
File: figure/init_10_deploy_cmd1-eps-converted-to.pdf Graphic file (type pdf)
 <use figure/init_10_deploy_cmd1-eps-converted-to.pdf>
Package pdftex.def Info: figure/init_10_deploy_cmd1-eps-converted-to.pdf used o
n input line 1044.
(pdftex.def)             Requested size: 122.13647pt x 122.9783pt.

Overfull \hbox (8.61584pt too wide) in paragraph at lines 1044--1046
 [][] 
 []

<figure/order1_step_0110_c.pdf, id=260, 289.08pt x 542.025pt>
File: figure/order1_step_0110_c.pdf Graphic file (type pdf)

<use figure/order1_step_0110_c.pdf>
Package pdftex.def Info: figure/order1_step_0110_c.pdf used on input line 1056.

(pdftex.def)             Requested size: 78.99127pt x 148.10207pt.

<figure/order2_step_0110_c.pdf, id=261, 264.5082pt x 542.025pt>
File: figure/order2_step_0110_c.pdf Graphic file (type pdf)

<use figure/order2_step_0110_c.pdf>
Package pdftex.def Info: figure/order2_step_0110_c.pdf used on input line 1061.

(pdftex.def)             Requested size: 72.26999pt x 148.0938pt.

<figure/ordern_step_0110_c.pdf, id=262, 264.5082pt x 542.025pt>
File: figure/ordern_step_0110_c.pdf Graphic file (type pdf)

<use figure/ordern_step_0110_c.pdf>
Package pdftex.def Info: figure/ordern_step_0110_c.pdf used on input line 1066.

(pdftex.def)             Requested size: 72.26999pt x 148.0938pt.
Package epstopdf Info: Source file: <figure/kl_div_2.eps>
(epstopdf)                    date: 2017-02-10 10:34:51
(epstopdf)                    size: 60521 bytes
(epstopdf)             Output file: <figure/kl_div_2-eps-converted-to.pdf>
(epstopdf)                    date: 2017-02-10 10:34:51
(epstopdf)                    size: 21199 bytes
(epstopdf)             Command: <epstopdf --outfile=figure/kl_div_2-eps-convert
ed-to.pdf figure/kl_div_2.eps>
(epstopdf)             \includegraphics on input line 1087.
Package epstopdf Info: Output file is already uptodate.

<figure/kl_div_2-eps-converted-to.pdf, id=275, 413.545pt x 426.59375pt>
File: figure/kl_div_2-eps-converted-to.pdf Graphic file (type pdf)

<use figure/kl_div_2-eps-converted-to.pdf>
Package pdftex.def Info: figure/kl_div_2-eps-converted-to.pdf used on input lin
e 1087.
(pdftex.def)             Requested size: 122.85876pt x 126.73582pt.

Overfull \hbox (4.18097pt too wide) in paragraph at lines 1087--1088
 [][] 
 []

Package epstopdf Info: Source file: <figure/kl_div_1.eps>
(epstopdf)                    date: 2017-02-10 10:34:51
(epstopdf)                    size: 52659 bytes
(epstopdf)             Output file: <figure/kl_div_1-eps-converted-to.pdf>
(epstopdf)                    date: 2017-02-10 10:34:51
(epstopdf)                    size: 18777 bytes
(epstopdf)             Command: <epstopdf --outfile=figure/kl_div_1-eps-convert
ed-to.pdf figure/kl_div_1.eps>
(epstopdf)             \includegraphics on input line 1092.
Package epstopdf Info: Output file is already uptodate.
<figure/kl_div_1-eps-converted-to.pdf, id=276, 413.545pt x 426.59375pt>
File: figure/kl_div_1-eps-converted-to.pdf Graphic file (type pdf)

<use figure/kl_div_1-eps-converted-to.pdf>
Package pdftex.def Info: figure/kl_div_1-eps-converted-to.pdf used on input lin
e 1092.
(pdftex.def)             Requested size: 122.85876pt x 126.73582pt.

Overfull \hbox (4.18097pt too wide) in paragraph at lines 1092--1093
 [][] 
 []

<figure/fault_order_1_c.pdf, id=277, 325.215pt x 325.215pt>
File: figure/fault_order_1_c.pdf Graphic file (type pdf)

<use figure/fault_order_1_c.pdf>
Package pdftex.def Info: figure/fault_order_1_c.pdf used on input line 1102.
(pdftex.def)             Requested size: 72.26999pt x 72.26706pt.

<figure/fault_order_2_c.pdf, id=278, 325.215pt x 325.215pt>
File: figure/fault_order_2_c.pdf Graphic file (type pdf)

<use figure/fault_order_2_c.pdf>
Package pdftex.def Info: figure/fault_order_2_c.pdf used on input line 1107.
(pdftex.def)             Requested size: 72.26999pt x 72.26706pt.

<figure/fault_order_n_c.pdf, id=279, 325.215pt x 325.215pt>
File: figure/fault_order_n_c.pdf Graphic file (type pdf)

<use figure/fault_order_n_c.pdf>
Package pdftex.def Info: figure/fault_order_n_c.pdf used on input line 1112.
(pdftex.def)             Requested size: 72.26999pt x 72.26706pt.
Package epstopdf Info: Source file: <figure/fault_kl2.eps>
(epstopdf)                    date: 2017-02-10 10:34:51
(epstopdf)                    size: 55339 bytes
(epstopdf)             Output file: <figure/fault_kl2-eps-converted-to.pdf>
(epstopdf)                    date: 2017-02-10 10:34:51
(epstopdf)                    size: 19565 bytes
(epstopdf)             Command: <epstopdf --outfile=figure/fault_kl2-eps-conver
ted-to.pdf figure/fault_kl2.eps>
(epstopdf)             \includegraphics on input line 1120.
Package epstopdf Info: Output file is already uptodate.

<figure/fault_kl2-eps-converted-to.pdf, id=280, 413.545pt x 426.59375pt>
File: figure/fault_kl2-eps-converted-to.pdf Graphic file (type pdf)

<use figure/fault_kl2-eps-converted-to.pdf>
Package pdftex.def Info: figure/fault_kl2-eps-converted-to.pdf used on input li
ne 1120.
(pdftex.def)             Requested size: 120.69077pt x 124.49663pt.
 [7 <./figure/init_10_deploy_c.pdf> <./figure/init_10_deploy_cmd2-eps-converted
-to.pdf> <./figure/init_10_deploy_cmd1-eps-converted-to.pdf> <./figure/order1_s
tep_0110_c.pdf

pdfTeX warning: pdflatex.exe (file ./figure/order1_step_0110_c.pdf): PDF inclus
ion: multiple pdfs with page group included in a single page
> <./figure/order2_step_0110_c.pdf

pdfTeX warning: pdflatex.exe (file ./figure/order2_step_0110_c.pdf): PDF inclus
ion: multiple pdfs with page group included in a single page
> <./figure/ordern_step_0110_c.pdf

pdfTeX warning: pdflatex.exe (file ./figure/ordern_step_0110_c.pdf): PDF inclus
ion: multiple pdfs with page group included in a single page
>]
Underfull \vbox (badness 5374) has occurred while \output is active []


(park_ram_iros17_0226.bbl
Missing character: There is no â in font ptmr7t!
Missing character: There is no € in font ptmr7t!
Missing character: There is no “ in font ptmr7t!
Missing character: There is no â in font ptmr7t!
Missing character: There is no € in font ptmr7t!
Missing character: There is no “ in font ptmr7t!
 [8 <./figure/kl_div_2-eps-converted-to.pdf> <./figure/kl_div_1-eps-converted-t
o.pdf> <./figure/fault_order_1_c.pdf> <./figure/fault_order_2_c.pdf

pdfTeX warning: pdflatex.exe (file ./figure/fault_order_2_c.pdf): PDF inclusion
: multiple pdfs with page group included in a single page
> <./figure/fault_order_n_c.pdf

pdfTeX warning: pdflatex.exe (file ./figure/fault_order_n_c.pdf): PDF inclusion
: multiple pdfs with page group included in a single page
> <./figure/fault_kl2-eps-converted-to.pdf>])

** Conference Paper **
Before submitting the final camera ready copy, remember to:

 1. Manually equalize the lengths of two columns on the last page
 of your paper;

 2. Ensure that any PostScript and/or PDF output post-processing
 uses only Type 1 fonts and that every step in the generation
 process uses the appropriate paper size.

Package atveryend Info: Empty hook `BeforeClearDocument' on input line 1172.
[9

]
Package atveryend Info: Empty hook `AfterLastShipout' on input line 1172.
 (park_ram_iros17_0226.aux)
Package atveryend Info: Executing hook `AtVeryEndDocument' on input line 1172.
Package atveryend Info: Executing hook `AtEndAfterFileList' on input line 1172.

Package rerunfilecheck Info: File `park_ram_iros17_0226.out' has not changed.
(rerunfilecheck)             Checksum: 4AB05D81E2F6554310B134E7ECD00F21;1176.
Package atveryend Info: Empty hook `AtVeryVeryEnd' on input line 1172.
 )
(\end occurred inside a group at level 1)

### simple group (level 1) entered at line 1061 ({)
### bottom level 
Here is how much of TeX's memory you used:
 11628 strings out of 493334
 181515 string characters out of 3139246
 414127 words of memory out of 3000000
 14804 multiletter control sequences out of 15000+200000
 53535 words of font info for 120 fonts, out of 3000000 for 9000
 1144 hyphenation exceptions out of 8191
 42i,20n,39p,1266b,3322s stack positions out of 5000i,500n,10000p,200000b,50000s
{C:/Program Files/MiKTeX 2.9/fonts/enc/dvips/fontname/8r.enc}<C
:/Program Files/MiKTeX 2.9/fonts/type1/public/amsfonts/cm/cmbx10.pfb><C:/Progra
m Files/MiKTeX 2.9/fonts/type1/public/amsfonts/cm/cmbx8.pfb><C:/Program Files/M
iKTeX 2.9/fonts/type1/public/amsfonts/cm/cmex10.pfb><C:/Program Files/MiKTeX 2.
9/fonts/type1/public/amsfonts/cmextra/cmex7.pfb><C:/Program Files/MiKTeX 2.9/fo
nts/type1/public/amsfonts/cmextra/cmex9.pfb><C:/Program Files/MiKTeX 2.9/fonts/
type1/public/amsfonts/cm/cmmi10.pfb><C:/Program Files/MiKTeX 2.9/fonts/type1/pu
blic/amsfonts/cm/cmmi5.pfb><C:/Program Files/MiKTeX 2.9/fonts/type1/public/amsf
onts/cm/cmmi6.pfb><C:/Program Files/MiKTeX 2.9/fonts/type1/public/amsfonts/cm/c
mmi7.pfb><C:/Program Files/MiKTeX 2.9/fonts/type1/public/amsfonts/cm/cmmi8.pfb>
<C:/Program Files/MiKTeX 2.9/fonts/type1/public/amsfonts/cm/cmmi9.pfb><C:/Progr
am Files/MiKTeX 2.9/fonts/type1/public/amsfonts/cm/cmmib10.pfb><C:/Program File
s/MiKTeX 2.9/fonts/type1/public/amsfonts/cmextra/cmmib6.pfb><C:/Program Files/M
iKTeX 2.9/fonts/type1/public/amsfonts/cmextra/cmmib7.pfb><C:/Program Files/MiKT
eX 2.9/fonts/type1/public/amsfonts/cmextra/cmmib9.pfb><C:/Program Files/MiKTeX 
2.9/fonts/type1/public/amsfonts/cm/cmr10.pfb><C:/Program Files/MiKTeX 2.9/fonts
/type1/public/amsfonts/cm/cmr5.pfb><C:/Program Files/MiKTeX 2.9/fonts/type1/pub
lic/amsfonts/cm/cmr6.pfb><C:/Program Files/MiKTeX 2.9/fonts/type1/public/amsfon
ts/cm/cmr7.pfb><C:/Program Files/MiKTeX 2.9/fonts/type1/public/amsfonts/cm/cmr8
.pfb><C:/Program Files/MiKTeX 2.9/fonts/type1/public/amsfonts/cm/cmr9.pfb><C:/P
rogram Files/MiKTeX 2.9/fonts/type1/public/amsfonts/cm/cmsy10.pfb><C:/Program F
iles/MiKTeX 2.9/fonts/type1/public/amsfonts/cm/cmsy5.pfb><C:/Program Files/MiKT
eX 2.9/fonts/type1/public/amsfonts/cm/cmsy6.pfb><C:/Program Files/MiKTeX 2.9/fo
nts/type1/public/amsfonts/cm/cmsy7.pfb><C:/Program Files/MiKTeX 2.9/fonts/type1
/public/amsfonts/cm/cmsy8.pfb><C:/Program Files/MiKTeX 2.9/fonts/type1/public/a
msfonts/cm/cmsy9.pfb><C:/Program Files/MiKTeX 2.9/fonts/type1/public/amsfonts/s
ymbols/msbm10.pfb><C:/Program Files/MiKTeX 2.9/fonts/type1/urw/times/utmb8a.pfb
><C:/Program Files/MiKTeX 2.9/fonts/type1/urw/times/utmbi8a.pfb><C:/Program Fil
es/MiKTeX 2.9/fonts/type1/urw/times/utmr8a.pfb><C:/Program Files/MiKTeX 2.9/fon
ts/type1/urw/times/utmri8a.pfb>
Output written on park_ram_iros17_0226.pdf (9 pages, 667491 bytes).
PDF statistics:
 501 PDF objects out of 1000 (max. 8388607)
 106 named destinations out of 1000 (max. 500000)
 197 words of extra memory for PDF output out of 10000 (max. 10000000)

