\BOOKMARK [1][-]{section.1}{Introduction}{}% 1
\BOOKMARK [1][-]{section.2}{Method for Probabilistic Mapping}{}% 2
\BOOKMARK [2][-]{subsection.2.1}{Notations and Our System Definition}{section.2}% 3
\BOOKMARK [2][-]{subsection.2.2}{Problem Definition}{section.2}% 4
\BOOKMARK [2][-]{subsection.2.3}{Recursive Bayesian Filter}{section.2}% 5
\BOOKMARK [1][-]{section.3}{Probabilistic Range-limited Sensor Model}{}% 6
\BOOKMARK [1][-]{section.4}{Robots-target assignment: a partition-based approach}{}% 7
\BOOKMARK [2][-]{subsection.4.1}{The Optimal Partition}{section.4}% 8
\BOOKMARK [2][-]{subsection.4.2}{Distributed Target Detection}{section.4}% 9
\BOOKMARK [1][-]{section.5}{Robust Deployment}{}% 10
\BOOKMARK [1][-]{section.6}{Belief Approximation by Particle Filtering}{}% 11
\BOOKMARK [2][-]{subsection.6.1}{Low Discrepancy Sampling}{section.6}% 12
\BOOKMARK [2][-]{subsection.6.2}{SIR Particle Filter}{section.6}% 13
\BOOKMARK [1][-]{section.7}{Numerical Simulations}{}% 14
\BOOKMARK [2][-]{subsection.7.1}{Convergence of our deployment algorithm}{section.7}% 15
\BOOKMARK [2][-]{subsection.7.2}{Environmental mapping/filtering performance w/o failure}{section.7}% 16
\BOOKMARK [2][-]{subsection.7.3}{Robustness to sensor failure: benchmark comparison to existing methods}{section.7}% 17
\BOOKMARK [2][-]{subsection.7.4}{Sensitivity analysis: random initial configurations}{section.7}% 18
\BOOKMARK [1][-]{section.8}{Conclusions and Future Work}{}% 19
\BOOKMARK [1][-]{section*.11}{References}{}% 20
